  musicPlayer22.cpp
D:\c++\音乐播放器vs2026\musicPlayer\musicPlayer\musicPlayer22.cpp(1,1): warning C4819: 该文件包含不能在当前代码页(936)中表示的字符。请将该文件保存为 Unicode 格式以防止数据丢失
D:\c++\音乐播放器vs2026\musicPlayer\musicPlayer\musicplayer.h(1,1): warning C4819: 该文件包含不能在当前代码页(936)中表示的字符。请将该文件保存为 Unicode 格式以防止数据丢失
  (编译源文件“musicPlayer22.cpp”)
  
D:\c++\音乐播放器vs2026\musicPlayer\musicPlayer\common.h(1,1): warning C4819: 该文件包含不能在当前代码页(936)中表示的字符。请将该文件保存为 Unicode 格式以防止数据丢失
  (编译源文件“musicPlayer22.cpp”)
  
  musicplayer.cpp
D:\c++\音乐播放器vs2026\musicPlayer\musicPlayer\musicplayer.cpp(1,1): warning C4819: 该文件包含不能在当前代码页(936)中表示的字符。请将该文件保存为 Unicode 格式以防止数据丢失
D:\c++\音乐播放器vs2026\musicPlayer\musicPlayer\musicplayer.h(1,1): warning C4819: 该文件包含不能在当前代码页(936)中表示的字符。请将该文件保存为 Unicode 格式以防止数据丢失
  (编译源文件“musicplayer.cpp”)
  
D:\c++\音乐播放器vs2026\musicPlayer\musicPlayer\common.h(1,1): warning C4819: 该文件包含不能在当前代码页(936)中表示的字符。请将该文件保存为 Unicode 格式以防止数据丢失
  (编译源文件“musicplayer.cpp”)
  
D:\c++\音乐播放器vs2026\musicPlayer\musicPlayer\res.h(1,1): warning C4819: 该文件包含不能在当前代码页(936)中表示的字符。请将该文件保存为 Unicode 格式以防止数据丢失
  (编译源文件“musicplayer.cpp”)
  
D:\c++\音乐播放器vs2026\musicPlayer\musicPlayer\musicplayer.cpp(104,43): warning C4267: “=”: 从“size_t”转换到“int”，可能丢失数据
  res.cpp
D:\c++\音乐播放器vs2026\musicPlayer\musicPlayer\res.cpp(1,1): warning C4819: 该文件包含不能在当前代码页(936)中表示的字符。请将该文件保存为 Unicode 格式以防止数据丢失
D:\c++\音乐播放器vs2026\musicPlayer\musicPlayer\res.h(1,1): warning C4819: 该文件包含不能在当前代码页(936)中表示的字符。请将该文件保存为 Unicode 格式以防止数据丢失
  (编译源文件“res.cpp”)
  
D:\c++\音乐播放器vs2026\musicPlayer\musicPlayer\common.h(1,1): warning C4819: 该文件包含不能在当前代码页(936)中表示的字符。请将该文件保存为 Unicode 格式以防止数据丢失
  (编译源文件“res.cpp”)
  
D:\c++\音乐播放器vs2026\musicPlayer\musicPlayer\res.cpp(12,16): warning C4267: “初始化”: 从“size_t”转换到“int”，可能丢失数据
  正在生成代码...
  musicPlayer.vcxproj -> D:\c++\音乐播放器vs2026\musicPlayer\x64\Debug\musicPlayer.exe
